<?xml version="1.0" encoding="UTF-8"?>
<testng-results skipped="1" failed="0" total="1" passed="0">
  <reporter-output>
  </reporter-output>
  <suite name="Default suite" duration-ms="9" started-at="2020-09-11T03:54:29Z" finished-at="2020-09-11T03:54:29Z">
    <groups>
    </groups>
    <test name="Default test" duration-ms="9" started-at="2020-09-11T03:54:29Z" finished-at="2020-09-11T03:54:29Z">
      <class name="com.app.tests.Demo_1">
        <test-method status="FAIL" signature="getDriver()[pri:0, instance:com.app.tests.Demo_1@65e2dbf3]" name="getDriver" is-config="true" duration-ms="0" started-at="2020-09-11T09:24:27Z" finished-at="2020-09-11T09:24:27Z">
          <exception class="org.openqa.selenium.SessionNotCreatedException">
            <message>
              <![CDATA[session not created: This version of ChromeDriver only supports Chrome version 83
Build info: version: '3.141.59', revision: 'e82be7d358', time: '2018-11-14T08:17:03'
System info: host: 'AIPL3126LT06447', ip: '192.168.1.7', os.name: 'Windows 10', os.arch: 'amd64', os.version: '10.0', java.version: '1.8.0_131'
Driver info: driver.version: Driver
remote stacktrace: Backtrace:
	Ordinal0 [0x00E39563+2725219]
	Ordinal0 [0x00D38551+1672529]
	Ordinal0 [0x00C20359+525145]
	Ordinal0 [0x00BB0B77+68471]
	Ordinal0 [0x00BAD32C+54060]
	Ordinal0 [0x00BCCC37+183351]
	Ordinal0 [0x00BCCA3D+182845]
	Ordinal0 [0x00BCA94B+174411]
	Ordinal0 [0x00BB2528+75048]
	Ordinal0 [0x00BB35A0+79264]
	Ordinal0 [0x00BB3539+79161]
	Ordinal0 [0x00D4D607+1758727]
	GetHandleVerifier [0x00F56546+1050150]
	GetHandleVerifier [0x00F56291+1049457]
	GetHandleVerifier [0x00F610D7+1094071]
	GetHandleVerifier [0x00F56B46+1051686]
	Ordinal0 [0x00D45B06+1727238]
	Ordinal0 [0x00D4EB7B+1764219]
	Ordinal0 [0x00D4ECE3+1764579]
	Ordinal0 [0x00D64C05+1854469]
	BaseThreadInitThunk [0x755A6359+25]
	RtlGetAppContainerNamedObjectPath [0x775E7B74+228]
	RtlGetAppContainerNamedObjectPath [0x775E7B44+180]
]]>
            </message>
            <full-stacktrace>
              <![CDATA[org.openqa.selenium.SessionNotCreatedException: session not created: This version of ChromeDriver only supports Chrome version 83
Build info: version: '3.141.59', revision: 'e82be7d358', time: '2018-11-14T08:17:03'
System info: host: 'AIPL3126LT06447', ip: '192.168.1.7', os.name: 'Windows 10', os.arch: 'amd64', os.version: '10.0', java.version: '1.8.0_131'
Driver info: driver.version: Driver
remote stacktrace: Backtrace:
	Ordinal0 [0x00E39563+2725219]
	Ordinal0 [0x00D38551+1672529]
	Ordinal0 [0x00C20359+525145]
	Ordinal0 [0x00BB0B77+68471]
	Ordinal0 [0x00BAD32C+54060]
	Ordinal0 [0x00BCCC37+183351]
	Ordinal0 [0x00BCCA3D+182845]
	Ordinal0 [0x00BCA94B+174411]
	Ordinal0 [0x00BB2528+75048]
	Ordinal0 [0x00BB35A0+79264]
	Ordinal0 [0x00BB3539+79161]
	Ordinal0 [0x00D4D607+1758727]
	GetHandleVerifier [0x00F56546+1050150]
	GetHandleVerifier [0x00F56291+1049457]
	GetHandleVerifier [0x00F610D7+1094071]
	GetHandleVerifier [0x00F56B46+1051686]
	Ordinal0 [0x00D45B06+1727238]
	Ordinal0 [0x00D4EB7B+1764219]
	Ordinal0 [0x00D4ECE3+1764579]
	Ordinal0 [0x00D64C05+1854469]
	BaseThreadInitThunk [0x755A6359+25]
	RtlGetAppContainerNamedObjectPath [0x775E7B74+228]
	RtlGetAppContainerNamedObjectPath [0x775E7B44+180]

	at sun.reflect.NativeConstructorAccessorImpl.newInstance0(Native Method)
	at sun.reflect.NativeConstructorAccessorImpl.newInstance(Unknown Source)
	at sun.reflect.DelegatingConstructorAccessorImpl.newInstance(Unknown Source)
	at java.lang.reflect.Constructor.newInstance(Unknown Source)
	at org.openqa.selenium.remote.W3CHandshakeResponse.lambda$errorHandler$0(W3CHandshakeResponse.java:62)
	at org.openqa.selenium.remote.HandshakeResponse.lambda$getResponseFunction$0(HandshakeResponse.java:30)
	at org.openqa.selenium.remote.ProtocolHandshake.lambda$createSession$0(ProtocolHandshake.java:126)
	at java.util.stream.ReferencePipeline$3$1.accept(Unknown Source)
	at java.util.Spliterators$ArraySpliterator.tryAdvance(Unknown Source)
	at java.util.stream.ReferencePipeline.forEachWithCancel(Unknown Source)
	at java.util.stream.AbstractPipeline.copyIntoWithCancel(Unknown Source)
	at java.util.stream.AbstractPipeline.copyInto(Unknown Source)
	at java.util.stream.AbstractPipeline.wrapAndCopyInto(Unknown Source)
	at java.util.stream.FindOps$FindOp.evaluateSequential(Unknown Source)
	at java.util.stream.AbstractPipeline.evaluate(Unknown Source)
	at java.util.stream.ReferencePipeline.findFirst(Unknown Source)
	at org.openqa.selenium.remote.ProtocolHandshake.createSession(ProtocolHandshake.java:128)
	at org.openqa.selenium.remote.ProtocolHandshake.createSession(ProtocolHandshake.java:74)
	at org.openqa.selenium.remote.HttpCommandExecutor.execute(HttpCommandExecutor.java:136)
	at org.openqa.selenium.remote.service.DriverCommandExecutor.execute(DriverCommandExecutor.java:83)
	at org.openqa.selenium.remote.RemoteWebDriver.execute(RemoteWebDriver.java:552)
	at org.openqa.selenium.remote.RemoteWebDriver.startSession(RemoteWebDriver.java:213)
	at org.openqa.selenium.remote.RemoteWebDriver.<init>(RemoteWebDriver.java:131)
	at org.openqa.selenium.chrome.ChromeDriver.<init>(ChromeDriver.java:181)
	at org.openqa.selenium.chrome.ChromeDriver.<init>(ChromeDriver.java:168)
	at org.openqa.selenium.chrome.ChromeDriver.<init>(ChromeDriver.java:157)
	at com.app.utils.Driver.createNewDriverInstance(Driver.java:63)
	at com.app.utils.Driver.getDriver(Driver.java:33)
	at sun.reflect.NativeMethodAccessorImpl.invoke0(Native Method)
	at sun.reflect.NativeMethodAccessorImpl.invoke(Unknown Source)
	at sun.reflect.DelegatingMethodAccessorImpl.invoke(Unknown Source)
	at java.lang.reflect.Method.invoke(Unknown Source)
	at org.testng.internal.MethodInvocationHelper.invokeMethod(MethodInvocationHelper.java:85)
	at org.testng.internal.Invoker.invokeConfigurationMethod(Invoker.java:517)
	at org.testng.internal.Invoker.invokeConfigurations(Invoker.java:213)
	at org.testng.internal.Invoker.invokeConfigurations(Invoker.java:140)
	at org.testng.SuiteRunner.privateRun(SuiteRunner.java:296)
	at org.testng.SuiteRunner.run(SuiteRunner.java:259)
	at org.testng.SuiteRunnerWorker.runSuite(SuiteRunnerWorker.java:52)
	at org.testng.SuiteRunnerWorker.run(SuiteRunnerWorker.java:86)
	at org.testng.TestNG.runSuitesSequentially(TestNG.java:1199)
	at org.testng.TestNG.runSuitesLocally(TestNG.java:1124)
	at org.testng.TestNG.run(TestNG.java:1032)
	at org.testng.remote.AbstractRemoteTestNG.run(AbstractRemoteTestNG.java:115)
	at org.testng.remote.RemoteTestNG.initAndRun(RemoteTestNG.java:251)
	at org.testng.remote.RemoteTestNG.main(RemoteTestNG.java:77)
]]>
            </full-stacktrace>
          </exception> <!-- org.openqa.selenium.SessionNotCreatedException -->
          <reporter-output>
          </reporter-output>
        </test-method> <!-- getDriver -->
        <test-method status="SKIP" signature="readConfig(org.testng.ITestContext)[pri:0, instance:com.app.tests.Demo_1@65e2dbf3]" name="readConfig" is-config="true" duration-ms="0" started-at="2020-09-11T09:24:29Z" depends-on-methods="com.app.utils.Driver.getDriver" finished-at="2020-09-11T09:24:29Z">
          <reporter-output>
          </reporter-output>
        </test-method> <!-- readConfig -->
        <test-method status="SKIP" signature="openApplicationUnderTest()[pri:0, instance:com.app.tests.Demo_1@65e2dbf3]" name="openApplicationUnderTest" is-config="true" duration-ms="0" started-at="2020-09-11T09:24:29Z" finished-at="2020-09-11T09:24:29Z">
          <reporter-output>
          </reporter-output>
        </test-method> <!-- openApplicationUnderTest -->
        <test-method status="SKIP" signature="test1()[pri:0, instance:com.app.tests.Demo_1@65e2dbf3]" name="test1" duration-ms="0" started-at="2020-09-11T09:24:29Z" finished-at="2020-09-11T09:24:29Z">
          <reporter-output>
          </reporter-output>
        </test-method> <!-- test1 -->
        <test-method status="SKIP" signature="destroyDriver()[pri:0, instance:com.app.tests.Demo_1@65e2dbf3]" name="destroyDriver" is-config="true" duration-ms="0" started-at="2020-09-11T09:24:29Z" finished-at="2020-09-11T09:24:29Z">
          <reporter-output>
          </reporter-output>
        </test-method> <!-- destroyDriver -->
      </class> <!-- com.app.tests.Demo_1 -->
    </test> <!-- Default test -->
  </suite> <!-- Default suite -->
</testng-results>
