<?xml version="1.0" encoding="UTF-8"?>
<testng-results skipped="0" failed="1" total="2" passed="1">
  <reporter-output>
    <line>
      <![CDATA[Hello]]>
    </line>
    <line>
      <![CDATA[Wait time out for <b>"css=input[name="cardnumber"]"</b> to be visible]]>
    </line>
    <line>
      <![CDATA[Wait time out for <b>"css=input[placeholder="MM / YY"]"</b> to be visible]]>
    </line>
    <line>
      <![CDATA[Wait time out for <b>"css=input[inputmode="numeric"]"</b> to be visible]]>
    </line>
    <line>
      <![CDATA[Wait time out for <b>"xpath=//*[text()="Pay Now"]/../.."</b> to be visible]]>
    </line>
    <line>
      <![CDATA[Wait time out for <b>"css=input[placeholder="112233"]"</b> to be visible]]>
    </line>
    <line>
      <![CDATA[Wait time out for <b>"css=.btn.btn-sm.btn-success"</b> to be visible]]>
    </line>
    <line>
      <![CDATA[Hello]]>
    </line>
    <line>
      <![CDATA[Wait time out for <b>"css=input[name="cardnumber"]"</b> to be visible]]>
    </line>
    <line>
      <![CDATA[Wait time out for <b>"css=input[placeholder="MM / YY"]"</b> to be visible]]>
    </line>
    <line>
      <![CDATA[Wait time out for <b>"css=input[inputmode="numeric"]"</b> to be visible]]>
    </line>
    <line>
      <![CDATA[Wait time out for <b>"xpath=//*[text()="Pay Now"]/../.."</b> to be visible]]>
    </line>
    <line>
      <![CDATA[Wait time out for <b>"css=input[placeholder="112233"]"</b> to be visible]]>
    </line>
    <line>
      <![CDATA[Wait time out for <b>"css=.btn.btn-sm.btn-success"</b> to be visible]]>
    </line>
    <line>
      <![CDATA[Wait time out for <b>"xpath=//*[text()="Transaction failed"]"</b> to be visible]]>
    </line>
  </reporter-output>
  <suite name="Suite" duration-ms="40110" started-at="2020-05-21T07:41:45Z" finished-at="2020-05-21T07:42:25Z">
    <groups>
    </groups>
    <test name="Test" duration-ms="40110" started-at="2020-05-21T07:41:45Z" finished-at="2020-05-21T07:42:25Z">
      <class name="com.app.tests.LandingPageTests">
        <test-method status="PASS" signature="getDriver()[pri:0, instance:com.app.tests.LandingPageTests@3c72f59f]" name="getDriver" is-config="true" duration-ms="3576" started-at="2020-05-21T13:11:41Z" finished-at="2020-05-21T13:11:45Z">
          <reporter-output>
          </reporter-output>
        </test-method> <!-- getDriver -->
        <test-method status="PASS" signature="readConfig(org.testng.ITestContext)[pri:0, instance:com.app.tests.LandingPageTests@3c72f59f]" name="readConfig" is-config="true" duration-ms="43" started-at="2020-05-21T13:11:45Z" depends-on-methods="com.app.utility.Driver.getDriver" finished-at="2020-05-21T13:11:45Z">
          <params>
            <param index="0">
              <value>
                <![CDATA[org.testng.TestRunner@64d43929]]>
              </value>
            </param>
          </params>
          <reporter-output>
          </reporter-output>
        </test-method> <!-- readConfig -->
        <test-method status="PASS" signature="openApplicationUnderTest()[pri:0, instance:com.app.tests.LandingPageTests@3c72f59f]" name="openApplicationUnderTest" is-config="true" duration-ms="3695" started-at="2020-05-21T13:11:45Z" finished-at="2020-05-21T13:11:49Z">
          <reporter-output>
          </reporter-output>
        </test-method> <!-- openApplicationUnderTest -->
        <test-method status="PASS" signature="testSuccessfulTransaction()[pri:0, instance:com.app.tests.LandingPageTests@3c72f59f]" name="testSuccessfulTransaction" duration-ms="13031" started-at="2020-05-21T13:11:49Z" description="verify User is  able to perform a successful transaction" finished-at="2020-05-21T13:12:02Z">
          <reporter-output>
            <line>
              <![CDATA[Hello]]>
            </line>
            <line>
              <![CDATA[Wait time out for <b>"css=input[name="cardnumber"]"</b> to be visible]]>
            </line>
            <line>
              <![CDATA[Wait time out for <b>"css=input[placeholder="MM / YY"]"</b> to be visible]]>
            </line>
            <line>
              <![CDATA[Wait time out for <b>"css=input[inputmode="numeric"]"</b> to be visible]]>
            </line>
            <line>
              <![CDATA[Wait time out for <b>"xpath=//*[text()="Pay Now"]/../.."</b> to be visible]]>
            </line>
            <line>
              <![CDATA[Wait time out for <b>"css=input[placeholder="112233"]"</b> to be visible]]>
            </line>
            <line>
              <![CDATA[Wait time out for <b>"css=.btn.btn-sm.btn-success"</b> to be visible]]>
            </line>
          </reporter-output>
        </test-method> <!-- testSuccessfulTransaction -->
        <test-method status="FAIL" signature="testFailedTransaction()[pri:0, instance:com.app.tests.LandingPageTests@3c72f59f]" name="testFailedTransaction" duration-ms="22687" started-at="2020-05-21T13:12:02Z" description="verify Unsuccessful transaction" finished-at="2020-05-21T13:12:24Z">
          <exception class="org.openqa.selenium.WebDriverException">
            <message>
              <![CDATA[target frame detached
  (Session info: chrome=81.0.4044.138)
Build info: version: '3.141.59', revision: 'e82be7d358', time: '2018-11-14T08:17:03'
System info: host: 'AIPL-PUN-LT86', ip: '192.168.1.6', os.name: 'Windows 10', os.arch: 'amd64', os.version: '10.0', java.version: '1.8.0_131'
Driver info: org.openqa.selenium.chrome.ChromeDriver
Capabilities {acceptInsecureCerts: false, browserName: chrome, browserVersion: 81.0.4044.138, chrome: {chromedriverVersion: 81.0.4044.69 (6813546031a4b..., userDataDir: D:\Users\SDUBEY~1\AppData\L...}, goog:chromeOptions: {debuggerAddress: localhost:56205}, javascriptEnabled: true, networkConnectionEnabled: false, pageLoadStrategy: normal, platform: WINDOWS, platformName: WINDOWS, proxy: Proxy(), setWindowRect: true, strictFileInteractability: false, timeouts: {implicit: 0, pageLoad: 300000, script: 30000}, unhandledPromptBehavior: dismiss and notify, webauthn:virtualAuthenticators: true}
Session ID: 69f96272f306413eb713a8d5232fa807
*** Element info: {Using=xpath, value=//*[text()="Transaction failed"]}]]>
            </message>
            <full-stacktrace>
              <![CDATA[org.openqa.selenium.WebDriverException: target frame detached
  (Session info: chrome=81.0.4044.138)
Build info: version: '3.141.59', revision: 'e82be7d358', time: '2018-11-14T08:17:03'
System info: host: 'AIPL-PUN-LT86', ip: '192.168.1.6', os.name: 'Windows 10', os.arch: 'amd64', os.version: '10.0', java.version: '1.8.0_131'
Driver info: org.openqa.selenium.chrome.ChromeDriver
Capabilities {acceptInsecureCerts: false, browserName: chrome, browserVersion: 81.0.4044.138, chrome: {chromedriverVersion: 81.0.4044.69 (6813546031a4b..., userDataDir: D:\Users\SDUBEY~1\AppData\L...}, goog:chromeOptions: {debuggerAddress: localhost:56205}, javascriptEnabled: true, networkConnectionEnabled: false, pageLoadStrategy: normal, platform: WINDOWS, platformName: WINDOWS, proxy: Proxy(), setWindowRect: true, strictFileInteractability: false, timeouts: {implicit: 0, pageLoad: 300000, script: 30000}, unhandledPromptBehavior: dismiss and notify, webauthn:virtualAuthenticators: true}
Session ID: 69f96272f306413eb713a8d5232fa807
*** Element info: {Using=xpath, value=//*[text()="Transaction failed"]}
	at sun.reflect.NativeConstructorAccessorImpl.newInstance0(Native Method)
	at sun.reflect.NativeConstructorAccessorImpl.newInstance(NativeConstructorAccessorImpl.java:62)
	at sun.reflect.DelegatingConstructorAccessorImpl.newInstance(DelegatingConstructorAccessorImpl.java:45)
	at java.lang.reflect.Constructor.newInstance(Constructor.java:423)
	at org.openqa.selenium.remote.http.W3CHttpResponseCodec.createException(W3CHttpResponseCodec.java:187)
	at org.openqa.selenium.remote.http.W3CHttpResponseCodec.decode(W3CHttpResponseCodec.java:122)
	at org.openqa.selenium.remote.http.W3CHttpResponseCodec.decode(W3CHttpResponseCodec.java:49)
	at org.openqa.selenium.remote.HttpCommandExecutor.execute(HttpCommandExecutor.java:158)
	at org.openqa.selenium.remote.service.DriverCommandExecutor.execute(DriverCommandExecutor.java:83)
	at org.openqa.selenium.remote.RemoteWebDriver.execute(RemoteWebDriver.java:552)
	at org.openqa.selenium.remote.RemoteWebDriver.findElement(RemoteWebDriver.java:323)
	at org.openqa.selenium.remote.RemoteWebDriver.findElementByXPath(RemoteWebDriver.java:428)
	at org.openqa.selenium.By$ByXPath.findElement(By.java:353)
	at org.openqa.selenium.remote.RemoteWebDriver.findElement(RemoteWebDriver.java:315)
	at org.openqa.selenium.support.ui.ExpectedConditions$7.apply(ExpectedConditions.java:205)
	at org.openqa.selenium.support.ui.ExpectedConditions$7.apply(ExpectedConditions.java:201)
	at org.openqa.selenium.support.ui.ExpectedConditions$22.apply(ExpectedConditions.java:641)
	at org.openqa.selenium.support.ui.ExpectedConditions$22.apply(ExpectedConditions.java:638)
	at org.openqa.selenium.support.ui.FluentWait.until(FluentWait.java:249)
	at com.app.utility.BaseConfiguration.waitForVisible(BaseConfiguration.java:132)
	at com.app.pages.LandingPage.verifyFailedTransaction(LandingPage.java:132)
	at com.app.tests.LandingPageTests.testFailedTransaction(LandingPageTests.java:44)
	at sun.reflect.NativeMethodAccessorImpl.invoke0(Native Method)
	at sun.reflect.NativeMethodAccessorImpl.invoke(NativeMethodAccessorImpl.java:62)
	at sun.reflect.DelegatingMethodAccessorImpl.invoke(DelegatingMethodAccessorImpl.java:43)
	at java.lang.reflect.Method.invoke(Method.java:498)
	at org.testng.internal.MethodInvocationHelper.invokeMethod(MethodInvocationHelper.java:85)
	at org.testng.internal.Invoker.invokeMethod(Invoker.java:659)
	at org.testng.internal.Invoker.invokeTestMethod(Invoker.java:845)
	at org.testng.internal.Invoker.invokeTestMethods(Invoker.java:1153)
	at org.testng.internal.TestMethodWorker.invokeTestMethods(TestMethodWorker.java:125)
	at org.testng.internal.TestMethodWorker.run(TestMethodWorker.java:108)
	at org.testng.TestRunner.privateRun(TestRunner.java:771)
	at org.testng.TestRunner.run(TestRunner.java:621)
	at org.testng.SuiteRunner.runTest(SuiteRunner.java:357)
	at org.testng.SuiteRunner.runSequentially(SuiteRunner.java:352)
	at org.testng.SuiteRunner.privateRun(SuiteRunner.java:310)
	at org.testng.SuiteRunner.run(SuiteRunner.java:259)
	at org.testng.SuiteRunnerWorker.runSuite(SuiteRunnerWorker.java:52)
	at org.testng.SuiteRunnerWorker.run(SuiteRunnerWorker.java:86)
	at org.testng.TestNG.runSuitesSequentially(TestNG.java:1199)
	at org.testng.TestNG.runSuitesLocally(TestNG.java:1124)
	at org.testng.TestNG.run(TestNG.java:1032)
	at org.testng.remote.AbstractRemoteTestNG.run(AbstractRemoteTestNG.java:115)
	at org.testng.remote.RemoteTestNG.initAndRun(RemoteTestNG.java:251)
	at org.testng.remote.RemoteTestNG.main(RemoteTestNG.java:77)
]]>
            </full-stacktrace>
          </exception> <!-- org.openqa.selenium.WebDriverException -->
          <reporter-output>
            <line>
              <![CDATA[Hello]]>
            </line>
            <line>
              <![CDATA[Wait time out for <b>"css=input[name="cardnumber"]"</b> to be visible]]>
            </line>
            <line>
              <![CDATA[Wait time out for <b>"css=input[placeholder="MM / YY"]"</b> to be visible]]>
            </line>
            <line>
              <![CDATA[Wait time out for <b>"css=input[inputmode="numeric"]"</b> to be visible]]>
            </line>
            <line>
              <![CDATA[Wait time out for <b>"xpath=//*[text()="Pay Now"]/../.."</b> to be visible]]>
            </line>
            <line>
              <![CDATA[Wait time out for <b>"css=input[placeholder="112233"]"</b> to be visible]]>
            </line>
            <line>
              <![CDATA[Wait time out for <b>"css=.btn.btn-sm.btn-success"</b> to be visible]]>
            </line>
            <line>
              <![CDATA[Wait time out for <b>"xpath=//*[text()="Transaction failed"]"</b> to be visible]]>
            </line>
          </reporter-output>
        </test-method> <!-- testFailedTransaction -->
        <test-method status="PASS" signature="destroyDriver()[pri:0, instance:com.app.tests.LandingPageTests@3c72f59f]" name="destroyDriver" is-config="true" duration-ms="677" started-at="2020-05-21T13:12:24Z" finished-at="2020-05-21T13:12:25Z">
          <reporter-output>
          </reporter-output>
        </test-method> <!-- destroyDriver -->
      </class> <!-- com.app.tests.LandingPageTests -->
    </test> <!-- Test -->
  </suite> <!-- Suite -->
</testng-results>
